2018-11-26 22:22:38,177 INFO com.infoshareacademy.jbusters.data.Data [main] Load file CSV. Path: src/main/resources/transaction.csv
2018-11-26 22:22:38,801 INFO com.infoshareacademy.jbusters.data.DataLoader [main] Create list transaction. List size: 3364 rows
2018-11-26 22:22:38,803 INFO com.infoshareacademy.jbusters.console.Menu [main] Loading menu
2018-11-26 22:22:42,150 INFO com.infoshareacademy.jbusters.console.Menu [main] User chose menu nr: 1
2018-11-26 22:22:42,171 INFO com.infoshareacademy.jbusters.data.Data [main] Create city list. List size: 2
2018-11-26 22:22:45,035 INFO com.infoshareacademy.jbusters.data.MapSorter [main] Function sorter. Sort date {Sopot=1, Gdynia=0}
2018-11-26 22:22:45,035 INFO com.infoshareacademy.jbusters.data.NewTransactionCreator [main] load city
2018-11-26 22:22:45,959 INFO com.infoshareacademy.jbusters.data.Data [main] Creste district list. List size: 1
2018-11-26 22:22:49,364 INFO com.infoshareacademy.jbusters.data.MapSorter [main] Function sorter. Sort date { Sopot=0}
2018-11-26 22:22:50,516 INFO com.infoshareacademy.jbusters.data.NewTransactionCreator [main] load district:  Sopot
2018-11-26 22:22:54,084 INFO com.infoshareacademy.jbusters.data.NewTransactionCreator [main] load street
2018-11-26 22:23:02,868 INFO com.infoshareacademy.jbusters.data.NewTransactionCreator [main] load market
2018-11-26 22:23:04,335 INFO com.infoshareacademy.jbusters.data.NewTransactionCreator [main] load size
2018-11-26 22:23:07,881 INFO com.infoshareacademy.jbusters.data.NewTransactionCreator [main] load level
2018-11-26 22:23:09,589 INFO com.infoshareacademy.jbusters.data.NewTransactionCreator [main] load parking spot
2018-11-26 22:23:12,102 INFO com.infoshareacademy.jbusters.data.NewTransactionCreator [main] load standard level
2018-11-26 22:23:13,974 INFO com.infoshareacademy.jbusters.data.NewTransactionCreator [main] load construction year category
2018-11-26 22:23:16,068 INFO com.infoshareacademy.jbusters.data.NewTransactionCreator [main] Create new transaction: Transaction date:  2018-11-26  city:  Sopot   district:  Sopot                     street:  3 maj                         market type:  rynek wtórny     price:  0           EUR  size:  100.0   price per m2:  0         EUR  level:  4   parking spot:  miejsce postojowe w hali garażowej  standard level:  wysoki                        construction year:  null        year category:  3
2018-11-26 22:23:16,069 INFO com.infoshareacademy.jbusters.console.Menu [main] Loading menu
2018-11-26 22:23:19,478 INFO com.infoshareacademy.jbusters.console.Menu [main] User chose menu nr: 3
2018-11-26 22:23:19,480 INFO com.infoshareacademy.jbusters.data.DataLoader [main] Create list transaction. List size: 0 rows
2018-11-26 22:23:19,489 INFO com.infoshareacademy.jbusters.console.Menu [main] Save transaction to file.txt: Transaction date:  2018-11-26  city:  Sopot   district:  Sopot                     street:  3 maj                         market type:  rynek wtórny     price:  0           EUR  size:  100.0   price per m2:  0         EUR  level:  4   parking spot:  miejsce postojowe w hali garażowej  standard level:  wysoki                        construction year:  null        year category:  3
2018-11-26 22:23:19,489 INFO com.infoshareacademy.jbusters.console.Menu [main] Loading menu
2018-11-26 22:23:33,751 INFO com.infoshareacademy.jbusters.console.Menu [main] User chose menu nr: 6
2018-11-26 22:23:33,751 INFO com.infoshareacademy.jbusters.console.Menu [main] Exit program
